This file contains any messages produced by compilers while
running configure, to aid debugging if configure makes a mistake.

It was created by ion configure open source 3.6.1, which was
generated by GNU Autoconf 2.69.  Invocation command line was

  $ ./configure 

## --------- ##
## Platform. ##
## --------- ##

hostname = DontTryMe.local
uname -m = x86_64
uname -r = 19.5.0
uname -s = Darwin
uname -v = Darwin Kernel Version 19.5.0: Tue May 26 20:41:44 PDT 2020; root:xnu-6153.121.2~2/RELEASE_X86_64

/usr/bin/uname -p = i386
/bin/uname -X     = unknown

/bin/arch              = unknown
/usr/bin/arch -k       = unknown
/usr/convex/getsysinfo = unknown
/usr/bin/hostinfo      = Mach kernel version:
	 Darwin Kernel Version 19.5.0: Tue May 26 20:41:44 PDT 2020; root:xnu-6153.121.2~2/RELEASE_X86_64
Kernel configured for up to 4 processors.
2 processors are physically available.
4 processors are logically available.
Processor type: x86_64h (Intel x86-64h Haswell)
Processors active: 0 1 2 3
Primary memory available: 8.00 gigabytes
Default processor set: 408 tasks, 1967 threads, 4 processors
Load average: 0.99, Mach factor: 3.01
/bin/machine           = unknown
/usr/bin/oslevel       = unknown
/bin/universe          = unknown

PATH: /opt/anaconda3/condabin
PATH: /Users/Montilla/bin
PATH: /Users/Montilla/bin
PATH: /anaconda2/bin
PATH: /usr/local/bin
PATH: /usr/bin
PATH: /bin
PATH: /usr/sbin
PATH: /sbin
PATH: /Applications/VMware Fusion.app/Contents/Public
PATH: /Library/TeX/texbin
PATH: /opt/X11/bin
PATH: /Library/Apple/usr/bin


## ----------- ##
## Core tests. ##
## ----------- ##

configure:2388: checking for a BSD-compatible install
configure:2456: result: /usr/bin/install -c
configure:2467: checking whether build environment is sane
configure:2522: result: yes
configure:2673: checking for a thread-safe mkdir -p
configure:2712: result: ./install-sh -c -d
configure:2719: checking for gawk
configure:2749: result: no
configure:2719: checking for mawk
configure:2749: result: no
configure:2719: checking for nawk
configure:2749: result: no
configure:2719: checking for awk
configure:2735: found /usr/bin/awk
configure:2746: result: awk
configure:2757: checking whether make sets $(MAKE)
configure:2779: result: yes
configure:2808: checking whether make supports nested variables
configure:2825: result: yes
configure:3008: checking for gcc
configure:3024: found /usr/bin/gcc
configure:3035: result: gcc
configure:3264: checking for C compiler version
configure:3273: gcc --version >&5
Apple clang version 11.0.0 (clang-1100.0.33.16)
Target: x86_64-apple-darwin19.5.0
Thread model: posix
InstalledDir: /Library/Developer/CommandLineTools/usr/bin
Configured with: --prefix=/Library/Developer/CommandLineTools/usr --with-gxx-include-dir=/Library/Developer/CommandLineTools/SDKs/MacOSX.sdk/usr/include/c++/4.2.1
configure:3284: $? = 0
configure:3273: gcc -v >&5
Configured with: --prefix=/Library/Developer/CommandLineTools/usr --with-gxx-include-dir=/Library/Developer/CommandLineTools/SDKs/MacOSX.sdk/usr/include/c++/4.2.1
Apple clang version 11.0.0 (clang-1100.0.33.16)
Target: x86_64-apple-darwin19.5.0
Thread model: posix
InstalledDir: /Library/Developer/CommandLineTools/usr/bin
configure:3284: $? = 0
configure:3273: gcc -V >&5
clang: error: unsupported option '-V -Wno-framework-include-private-from-public'
clang: error: no input files
configure:3284: $? = 1
configure:3273: gcc -qversion >&5
clang: error: unknown argument '-qversion', did you mean '--version'?
clang: error: no input files
configure:3284: $? = 1
configure:3304: checking whether the C compiler works
configure:3326: gcc    conftest.c  >&5
configure:3330: $? = 0
configure:3378: result: yes
configure:3381: checking for C compiler default output file name
configure:3383: result: a.out
configure:3389: checking for suffix of executables
configure:3396: gcc -o conftest    conftest.c  >&5
configure:3400: $? = 0
configure:3422: result: 
configure:3444: checking whether we are cross compiling
configure:3452: gcc -o conftest    conftest.c  >&5
configure:3456: $? = 0
configure:3463: ./conftest
configure:3467: $? = 0
configure:3482: result: no
configure:3487: checking for suffix of object files
configure:3509: gcc -c   conftest.c >&5
configure:3513: $? = 0
configure:3534: result: o
configure:3538: checking whether we are using the GNU C compiler
configure:3557: gcc -c   conftest.c >&5
configure:3557: $? = 0
configure:3566: result: yes
configure:3575: checking whether gcc accepts -g
configure:3595: gcc -c -g  conftest.c >&5
configure:3595: $? = 0
configure:3636: result: yes
configure:3653: checking for gcc option to accept ISO C89
configure:3716: gcc  -c -g -O2  conftest.c >&5
configure:3716: $? = 0
configure:3729: result: none needed
configure:3754: checking whether gcc understands -c and -o together
configure:3776: gcc -c conftest.c -o conftest2.o
configure:3779: $? = 0
configure:3776: gcc -c conftest.c -o conftest2.o
configure:3779: $? = 0
configure:3791: result: yes
configure:3819: checking for style of include used by make
configure:3847: result: GNU
configure:3873: checking dependency style of gcc
configure:3984: result: gcc3
configure:4051: checking for ar
configure:4067: found /usr/bin/ar
configure:4078: result: ar
configure:4104: checking the archiver (ar) interface
configure:4120: gcc -c -g -O2  conftest.c >&5
configure:4120: $? = 0
configure:4122: ar cru libconftest.a conftest.o >&5
configure:4125: $? = 0
configure:4153: result: ar
configure:4202: checking build system type
configure:4216: result: x86_64-apple-darwin19.5.0
configure:4236: checking host system type
configure:4249: result: x86_64-apple-darwin19.5.0
configure:4290: checking how to print strings
configure:4317: result: printf
configure:4338: checking for a sed that does not truncate output
configure:4402: result: /usr/bin/sed
configure:4420: checking for grep that handles long lines and -e
configure:4478: result: /usr/bin/grep
configure:4483: checking for egrep
configure:4545: result: /usr/bin/grep -E
configure:4550: checking for fgrep
configure:4612: result: /usr/bin/grep -F
configure:4647: checking for ld used by gcc
configure:4714: result: /Library/Developer/CommandLineTools/usr/bin/ld
configure:4721: checking if the linker (/Library/Developer/CommandLineTools/usr/bin/ld) is GNU ld
configure:4736: result: no
configure:4748: checking for BSD- or MS-compatible name lister (nm)
configure:4802: result: /usr/bin/nm -B
configure:4932: checking the name lister (/usr/bin/nm -B) interface
configure:4939: gcc -c -g -O2  conftest.c >&5
configure:4942: /usr/bin/nm -B "conftest.o"
configure:4945: output
0000000000000244 S _some_variable
configure:4952: result: BSD nm
configure:4955: checking whether ln -s works
configure:4959: result: yes
configure:4967: checking the maximum length of command line arguments
configure:5098: result: 196608
configure:5146: checking how to convert x86_64-apple-darwin19.5.0 file names to x86_64-apple-darwin19.5.0 format
configure:5186: result: func_convert_file_noop
configure:5193: checking how to convert x86_64-apple-darwin19.5.0 file names to toolchain format
configure:5213: result: func_convert_file_noop
configure:5220: checking for /Library/Developer/CommandLineTools/usr/bin/ld option to reload object files
configure:5227: result: -r
configure:5301: checking for objdump
configure:5317: found /usr/bin/objdump
configure:5328: result: objdump
configure:5360: checking how to recognize dependent libraries
configure:5560: result: pass_all
configure:5645: checking for dlltool
configure:5675: result: no
configure:5705: checking how to associate runtime and link libraries
configure:5732: result: printf %s\n
configure:5856: checking for archiver @FILE support
configure:5873: gcc -c -g -O2  conftest.c >&5
configure:5873: $? = 0
configure:5876: ar cru libconftest.a @conftest.lst >&5
ar: @conftest.lst: No such file or directory
configure:5879: $? = 1
configure:5899: result: no
configure:5957: checking for strip
configure:5973: found /usr/bin/strip
configure:5984: result: strip
configure:6056: checking for ranlib
configure:6072: found /usr/bin/ranlib
configure:6083: result: ranlib
configure:6185: checking command to parse /usr/bin/nm -B output from gcc object
configure:6338: gcc -c -g -O2  conftest.c >&5
configure:6341: $? = 0
configure:6345: /usr/bin/nm -B conftest.o \| sed -n -e 's/^.*[ ]\([BCDEGRST][BCDEGRST]*\)[ ][ ]*\([_A-Za-z][_A-Za-z0-9]*\)$/\1 \2 \2/p' | sed '/ __gnu_lto/d' \> conftest.nm
configure:6348: $? = 0
cannot find nm_test_var in conftest.nm
configure:6338: gcc -c -g -O2  conftest.c >&5
configure:6341: $? = 0
configure:6345: /usr/bin/nm -B conftest.o \| sed -n -e 's/^.*[ ]\([BCDEGRST][BCDEGRST]*\)[ ][ ]*_\([_A-Za-z][_A-Za-z0-9]*\)$/\1 _\2 \2/p' | sed '/ __gnu_lto/d' \> conftest.nm
configure:6348: $? = 0
configure:6414: gcc -o conftest -g -O2   conftest.c conftstm.o >&5
warning: (x86_64)  could not find object file symbol for symbol _main
configure:6417: $? = 0
configure:6455: result: ok
configure:6502: checking for sysroot
configure:6532: result: no
configure:6539: checking for a working dd
configure:6577: result: /bin/dd
configure:6581: checking how to truncate binary pipes
configure:6596: result: /bin/dd bs=4096 count=1
configure:6925: checking for mt
configure:6955: result: no
configure:6975: checking if : is a manifest tool
configure:6981: : '-?'
configure:6989: result: no
configure:7045: checking for dsymutil
configure:7061: found /usr/bin/dsymutil
configure:7072: result: dsymutil
configure:7137: checking for nmedit
configure:7153: found /usr/bin/nmedit
configure:7164: result: nmedit
configure:7229: checking for lipo
configure:7245: found /usr/bin/lipo
configure:7256: result: lipo
configure:7321: checking for otool
configure:7337: found /usr/bin/otool
configure:7348: result: otool
configure:7413: checking for otool64
configure:7443: result: no
configure:7488: checking for -single_module linker flag
gcc -g -O2  -o libconftest.dylib -dynamiclib -Wl,-single_module conftest.c
configure:7521: result: yes
configure:7524: checking for -exported_symbols_list linker flag
configure:7544: gcc -o conftest -g -O2   -Wl,-exported_symbols_list,conftest.sym conftest.c  >&5
configure:7544: $? = 0
configure:7554: result: yes
configure:7557: checking for -force_load linker flag
gcc -g -O2 -c -o conftest.o conftest.c
ar cru libconftest.a conftest.o
ranlib libconftest.a
gcc -g -O2  -o conftest conftest.c -Wl,-force_load,./libconftest.a
configure:7589: result: yes
configure:7666: checking how to run the C preprocessor
configure:7697: gcc -E  conftest.c
configure:7697: $? = 0
configure:7711: gcc -E  conftest.c
conftest.c:11:10: fatal error: 'ac_nonexistent.h' file not found
#include <ac_nonexistent.h>
         ^~~~~~~~~~~~~~~~~~
1 error generated.
configure:7711: $? = 1
configure: failed program was:
| /* confdefs.h */
| #define PACKAGE_NAME "ion"
| #define PACKAGE_TARNAME "ion"
| #define PACKAGE_VERSION "open source 3.6.1"
| #define PACKAGE_STRING "ion open source 3.6.1"
| #define PACKAGE_BUGREPORT "http://korgano.eecs.ohiou.edu/mailman/listinfo/ion-bugs"
| #define PACKAGE_URL ""
| #define PACKAGE "ion"
| #define VERSION "open source 3.6.1"
| /* end confdefs.h.  */
| #include <ac_nonexistent.h>
configure:7736: result: gcc -E
configure:7756: gcc -E  conftest.c
configure:7756: $? = 0
configure:7770: gcc -E  conftest.c
conftest.c:11:10: fatal error: 'ac_nonexistent.h' file not found
#include <ac_nonexistent.h>
         ^~~~~~~~~~~~~~~~~~
1 error generated.
configure:7770: $? = 1
configure: failed program was:
| /* confdefs.h */
| #define PACKAGE_NAME "ion"
| #define PACKAGE_TARNAME "ion"
| #define PACKAGE_VERSION "open source 3.6.1"
| #define PACKAGE_STRING "ion open source 3.6.1"
| #define PACKAGE_BUGREPORT "http://korgano.eecs.ohiou.edu/mailman/listinfo/ion-bugs"
| #define PACKAGE_URL ""
| #define PACKAGE "ion"
| #define VERSION "open source 3.6.1"
| /* end confdefs.h.  */
| #include <ac_nonexistent.h>
configure:7799: checking for ANSI C header files
configure:7819: gcc -c -g -O2  conftest.c >&5
configure:7819: $? = 0
configure:7892: gcc -o conftest -g -O2   conftest.c  >&5
configure:7892: $? = 0
configure:7892: ./conftest
configure:7892: $? = 0
configure:7903: result: yes
configure:7916: checking for sys/types.h
configure:7916: gcc -c -g -O2  conftest.c >&5
configure:7916: $? = 0
configure:7916: result: yes
configure:7916: checking for sys/stat.h
configure:7916: gcc -c -g -O2  conftest.c >&5
configure:7916: $? = 0
configure:7916: result: yes
configure:7916: checking for stdlib.h
configure:7916: gcc -c -g -O2  conftest.c >&5
configure:7916: $? = 0
configure:7916: result: yes
configure:7916: checking for string.h
configure:7916: gcc -c -g -O2  conftest.c >&5
configure:7916: $? = 0
configure:7916: result: yes
configure:7916: checking for memory.h
configure:7916: gcc -c -g -O2  conftest.c >&5
configure:7916: $? = 0
configure:7916: result: yes
configure:7916: checking for strings.h
configure:7916: gcc -c -g -O2  conftest.c >&5
configure:7916: $? = 0
configure:7916: result: yes
configure:7916: checking for inttypes.h
configure:7916: gcc -c -g -O2  conftest.c >&5
configure:7916: $? = 0
configure:7916: result: yes
configure:7916: checking for stdint.h
configure:7916: gcc -c -g -O2  conftest.c >&5
configure:7916: $? = 0
configure:7916: result: yes
configure:7916: checking for unistd.h
configure:7916: gcc -c -g -O2  conftest.c >&5
configure:7916: $? = 0
configure:7916: result: yes
configure:7930: checking for dlfcn.h
configure:7930: gcc -c -g -O2  conftest.c >&5
configure:7930: $? = 0
configure:7930: result: yes
configure:8186: checking for objdir
configure:8201: result: .libs
configure:8465: checking if gcc supports -fno-rtti -fno-exceptions
configure:8483: gcc -c -g -O2  -fno-rtti -fno-exceptions conftest.c >&5
configure:8487: $? = 0
configure:8500: result: yes
configure:8858: checking for gcc option to produce PIC
configure:8865: result: -fno-common -DPIC
configure:8873: checking if gcc PIC flag -fno-common -DPIC works
configure:8891: gcc -c -g -O2  -fno-common -DPIC -DPIC conftest.c >&5
configure:8895: $? = 0
configure:8908: result: yes
configure:8937: checking if gcc static flag -static works
configure:8965: result: no
configure:8980: checking if gcc supports -c -o file.o
configure:9001: gcc -c -g -O2  -o out/conftest2.o conftest.c >&5
configure:9005: $? = 0
configure:9027: result: yes
configure:9035: checking if gcc supports -c -o file.o
configure:9082: result: yes
configure:9115: checking whether the gcc linker (/Library/Developer/CommandLineTools/usr/bin/ld) supports shared libraries
configure:10378: result: yes
configure:10618: checking dynamic linker characteristics
configure:11448: result: darwin19.5.0 dyld
configure:11570: checking how to hardcode library paths into programs
configure:11595: result: immediate
configure:12143: checking whether stripping libraries is possible
configure:12157: result: yes
configure:12183: checking if libtool supports shared libraries
configure:12185: result: yes
configure:12188: checking whether to build shared libraries
configure:12213: result: yes
configure:12216: checking whether to build static libraries
configure:12220: result: yes
configure:12258: checking whether make sets $(MAKE)
configure:12280: result: yes
configure:12295: checking for pow
configure:12295: gcc -o conftest -g -O2   conftest.c  >&5
conftest.c:46:6: warning: incompatible redeclaration of library function 'pow' [-Wincompatible-library-redeclaration]
char pow ();
     ^
conftest.c:46:6: note: 'pow' is a builtin with type 'double (double, double)'
1 warning generated.
configure:12295: $? = 0
configure:12295: result: yes
configure:12744: checking valgrind/valgrind.h usability
configure:12744: gcc -c -g -O2 -DNOEXPAT  conftest.c >&5
conftest.c:59:10: fatal error: 'valgrind/valgrind.h' file not found
#include <valgrind/valgrind.h>
         ^~~~~~~~~~~~~~~~~~~~~
1 error generated.
configure:12744: $? = 1
configure: failed program was:
| /* confdefs.h */
| #define PACKAGE_NAME "ion"
| #define PACKAGE_TARNAME "ion"
| #define PACKAGE_VERSION "open source 3.6.1"
| #define PACKAGE_STRING "ion open source 3.6.1"
| #define PACKAGE_BUGREPORT "http://korgano.eecs.ohiou.edu/mailman/listinfo/ion-bugs"
| #define PACKAGE_URL ""
| #define PACKAGE "ion"
| #define VERSION "open source 3.6.1"
| #define STDC_HEADERS 1
| #define HAVE_SYS_TYPES_H 1
| #define HAVE_SYS_STAT_H 1
| #define HAVE_STDLIB_H 1
| #define HAVE_STRING_H 1
| #define HAVE_MEMORY_H 1
| #define HAVE_STRINGS_H 1
| #define HAVE_INTTYPES_H 1
| #define HAVE_STDINT_H 1
| #define HAVE_UNISTD_H 1
| #define HAVE_DLFCN_H 1
| #define LT_OBJDIR ".libs/"
| #define HAVE_POW 1
| #define darwin 1
| #define unix 1
| /* end confdefs.h.  */
| #include <stdio.h>
| #ifdef HAVE_SYS_TYPES_H
| # include <sys/types.h>
| #endif
| #ifdef HAVE_SYS_STAT_H
| # include <sys/stat.h>
| #endif
| #ifdef STDC_HEADERS
| # include <stdlib.h>
| # include <stddef.h>
| #else
| # ifdef HAVE_STDLIB_H
| #  include <stdlib.h>
| # endif
| #endif
| #ifdef HAVE_STRING_H
| # if !defined STDC_HEADERS && defined HAVE_MEMORY_H
| #  include <memory.h>
| # endif
| # include <string.h>
| #endif
| #ifdef HAVE_STRINGS_H
| # include <strings.h>
| #endif
| #ifdef HAVE_INTTYPES_H
| # include <inttypes.h>
| #endif
| #ifdef HAVE_STDINT_H
| # include <stdint.h>
| #endif
| #ifdef HAVE_UNISTD_H
| # include <unistd.h>
| #endif
| #include <valgrind/valgrind.h>
configure:12744: result: no
configure:12744: checking valgrind/valgrind.h presence
configure:12744: gcc -E  conftest.c
conftest.c:26:10: fatal error: 'valgrind/valgrind.h' file not found
#include <valgrind/valgrind.h>
         ^~~~~~~~~~~~~~~~~~~~~
1 error generated.
configure:12744: $? = 1
configure: failed program was:
| /* confdefs.h */
| #define PACKAGE_NAME "ion"
| #define PACKAGE_TARNAME "ion"
| #define PACKAGE_VERSION "open source 3.6.1"
| #define PACKAGE_STRING "ion open source 3.6.1"
| #define PACKAGE_BUGREPORT "http://korgano.eecs.ohiou.edu/mailman/listinfo/ion-bugs"
| #define PACKAGE_URL ""
| #define PACKAGE "ion"
| #define VERSION "open source 3.6.1"
| #define STDC_HEADERS 1
| #define HAVE_SYS_TYPES_H 1
| #define HAVE_SYS_STAT_H 1
| #define HAVE_STDLIB_H 1
| #define HAVE_STRING_H 1
| #define HAVE_MEMORY_H 1
| #define HAVE_STRINGS_H 1
| #define HAVE_INTTYPES_H 1
| #define HAVE_STDINT_H 1
| #define HAVE_UNISTD_H 1
| #define HAVE_DLFCN_H 1
| #define LT_OBJDIR ".libs/"
| #define HAVE_POW 1
| #define darwin 1
| #define unix 1
| /* end confdefs.h.  */
| #include <valgrind/valgrind.h>
configure:12744: result: no
configure:12744: checking for valgrind/valgrind.h
configure:12744: result: no
configure:12822: checking for XML_GetCurrentLineNumber in -lexpat
configure:12847: gcc -o conftest  -Dunix -Ddarwin -DSPACE_ORDER=3 -m64  -DENABLE_BPACS -DENABLE_IMC -DENABLE_MANPAGES -g -O2 -DNOEXPAT   conftest.c -lexpat   >&5
configure:12847: $? = 0
configure:12856: result: yes
configure:12872: checking for pthread_create in -lpthread
configure:12897: gcc -o conftest  -Dunix -Ddarwin -DSPACE_ORDER=3 -m64  -DENABLE_BPACS -DENABLE_IMC -DENABLE_MANPAGES -g -O2 -DNOEXPAT   conftest.c -lpthread   >&5
configure:12897: $? = 0
configure:12906: result: yes
configure:12923: checking for pod2man
configure:12939: found /usr/bin/pod2man
configure:12950: result: pod2man
configure:12972: checking for ps2pdf
configure:12990: found /usr/local/bin/ps2pdf
configure:13002: result: /usr/local/bin/ps2pdf
configure:13012: checking for pdf2ps
configure:13030: found /usr/local/bin/pdf2ps
configure:13042: result: /usr/local/bin/pdf2ps
configure:13052: checking for psjoin
configure:13070: found /Users/Montilla/bin/psjoin
configure:13082: result: /Users/Montilla/bin/psjoin
configure:13092: checking for pdfjoin
configure:13110: found /Library/TeX/texbin/pdfjoin
configure:13122: result: /Library/TeX/texbin/pdfjoin
configure:13130: checking for fallback included psjoin
configure:13134: result: /Users/Montilla/Desktop/Spatiam.nosync/Android/IonDTN-3.6.1/ion-opensource-3.6.1/doc/psjoin
configure:13140: checking for fallback included pdfjoin
configure:13144: result: /Users/Montilla/Desktop/Spatiam.nosync/Android/IonDTN-3.6.1/ion-opensource-3.6.1/doc/pdfjoin
configure:13152: checking for groff
configure:13170: found /usr/bin/groff
configure:13182: result: /usr/bin/groff
configure:13190: checking if groff suports -ms
configure:13193: result: /usr/bin/groff
configure:13207: checking for man
configure:13225: found /usr/bin/man
configure:13237: result: /usr/bin/man
configure:13245: checking if man supports -l
configure:13252: result: not found
configure:13254: try installing a version of man that supports -l
configure:13260: checking for tools to build autodoc
configure:13269: result: not found (skipping autodoc)
configure:13271: Ensure the ghostscript, psutils, groff-base and groff packages are installed.
configure:13289: checking for dirent.h that defines DIR
configure:13308: gcc -c -g -O2 -DNOEXPAT  conftest.c >&5
configure:13308: $? = 0
configure:13316: result: yes
configure:13329: checking for library containing opendir
configure:13360: gcc -o conftest -g -O2 -DNOEXPAT   conftest.c  >&5
configure:13360: $? = 0
configure:13377: result: none required
configure:13444: checking for ANSI C header files
configure:13548: result: yes
configure:13556: checking for sys/wait.h that is POSIX.1 compatible
configure:13582: gcc -c -g -O2 -DNOEXPAT  conftest.c >&5
configure:13582: $? = 0
configure:13589: result: yes
configure:13600: checking fcntl.h usability
configure:13600: gcc -c -g -O2 -DNOEXPAT  conftest.c >&5
configure:13600: $? = 0
configure:13600: result: yes
configure:13600: checking fcntl.h presence
configure:13600: gcc -E  conftest.c
configure:13600: $? = 0
configure:13600: result: yes
configure:13600: checking for fcntl.h
configure:13600: result: yes
configure:13600: checking malloc.h usability
configure:13600: gcc -c -g -O2 -DNOEXPAT  conftest.c >&5
conftest.c:63:10: fatal error: 'malloc.h' file not found
#include <malloc.h>
         ^~~~~~~~~~
1 error generated.
configure:13600: $? = 1
configure: failed program was:
| /* confdefs.h */
| #define PACKAGE_NAME "ion"
| #define PACKAGE_TARNAME "ion"
| #define PACKAGE_VERSION "open source 3.6.1"
| #define PACKAGE_STRING "ion open source 3.6.1"
| #define PACKAGE_BUGREPORT "http://korgano.eecs.ohiou.edu/mailman/listinfo/ion-bugs"
| #define PACKAGE_URL ""
| #define PACKAGE "ion"
| #define VERSION "open source 3.6.1"
| #define STDC_HEADERS 1
| #define HAVE_SYS_TYPES_H 1
| #define HAVE_SYS_STAT_H 1
| #define HAVE_STDLIB_H 1
| #define HAVE_STRING_H 1
| #define HAVE_MEMORY_H 1
| #define HAVE_STRINGS_H 1
| #define HAVE_INTTYPES_H 1
| #define HAVE_STDINT_H 1
| #define HAVE_UNISTD_H 1
| #define HAVE_DLFCN_H 1
| #define LT_OBJDIR ".libs/"
| #define HAVE_POW 1
| #define darwin 1
| #define unix 1
| #define HAVE_DIRENT_H 1
| #define STDC_HEADERS 1
| #define HAVE_SYS_WAIT_H 1
| #define HAVE_FCNTL_H 1
| /* end confdefs.h.  */
| #include <stdio.h>
| #ifdef HAVE_SYS_TYPES_H
| # include <sys/types.h>
| #endif
| #ifdef HAVE_SYS_STAT_H
| # include <sys/stat.h>
| #endif
| #ifdef STDC_HEADERS
| # include <stdlib.h>
| # include <stddef.h>
| #else
| # ifdef HAVE_STDLIB_H
| #  include <stdlib.h>
| # endif
| #endif
| #ifdef HAVE_STRING_H
| # if !defined STDC_HEADERS && defined HAVE_MEMORY_H
| #  include <memory.h>
| # endif
| # include <string.h>
| #endif
| #ifdef HAVE_STRINGS_H
| # include <strings.h>
| #endif
| #ifdef HAVE_INTTYPES_H
| # include <inttypes.h>
| #endif
| #ifdef HAVE_STDINT_H
| # include <stdint.h>
| #endif
| #ifdef HAVE_UNISTD_H
| # include <unistd.h>
| #endif
| #include <malloc.h>
configure:13600: result: no
configure:13600: checking malloc.h presence
configure:13600: gcc -E  conftest.c
conftest.c:30:10: fatal error: 'malloc.h' file not found
#include <malloc.h>
         ^~~~~~~~~~
1 error generated.
configure:13600: $? = 1
configure: failed program was:
| /* confdefs.h */
| #define PACKAGE_NAME "ion"
| #define PACKAGE_TARNAME "ion"
| #define PACKAGE_VERSION "open source 3.6.1"
| #define PACKAGE_STRING "ion open source 3.6.1"
| #define PACKAGE_BUGREPORT "http://korgano.eecs.ohiou.edu/mailman/listinfo/ion-bugs"
| #define PACKAGE_URL ""
| #define PACKAGE "ion"
| #define VERSION "open source 3.6.1"
| #define STDC_HEADERS 1
| #define HAVE_SYS_TYPES_H 1
| #define HAVE_SYS_STAT_H 1
| #define HAVE_STDLIB_H 1
| #define HAVE_STRING_H 1
| #define HAVE_MEMORY_H 1
| #define HAVE_STRINGS_H 1
| #define HAVE_INTTYPES_H 1
| #define HAVE_STDINT_H 1
| #define HAVE_UNISTD_H 1
| #define HAVE_DLFCN_H 1
| #define LT_OBJDIR ".libs/"
| #define HAVE_POW 1
| #define darwin 1
| #define unix 1
| #define HAVE_DIRENT_H 1
| #define STDC_HEADERS 1
| #define HAVE_SYS_WAIT_H 1
| #define HAVE_FCNTL_H 1
| /* end confdefs.h.  */
| #include <malloc.h>
configure:13600: result: no
configure:13600: checking for malloc.h
configure:13600: result: no
configure:13600: checking netdb.h usability
configure:13600: gcc -c -g -O2 -DNOEXPAT  conftest.c >&5
configure:13600: $? = 0
configure:13600: result: yes
configure:13600: checking netdb.h presence
configure:13600: gcc -E  conftest.c
configure:13600: $? = 0
configure:13600: result: yes
configure:13600: checking for netdb.h
configure:13600: result: yes
configure:13600: checking netinet/in.h usability
configure:13600: gcc -c -g -O2 -DNOEXPAT  conftest.c >&5
configure:13600: $? = 0
configure:13600: result: yes
configure:13600: checking netinet/in.h presence
configure:13600: gcc -E  conftest.c
configure:13600: $? = 0
configure:13600: result: yes
configure:13600: checking for netinet/in.h
configure:13600: result: yes
configure:13600: checking stddef.h usability
configure:13600: gcc -c -g -O2 -DNOEXPAT  conftest.c >&5
configure:13600: $? = 0
configure:13600: result: yes
configure:13600: checking stddef.h presence
configure:13600: gcc -E  conftest.c
configure:13600: $? = 0
configure:13600: result: yes
configure:13600: checking for stddef.h
configure:13600: result: yes
configure:13600: checking for stdlib.h
configure:13600: result: yes
configure:13600: checking for string.h
configure:13600: result: yes
configure:13600: checking sys/ioctl.h usability
configure:13600: gcc -c -g -O2 -DNOEXPAT  conftest.c >&5
configure:13600: $? = 0
configure:13600: result: yes
configure:13600: checking sys/ioctl.h presence
configure:13600: gcc -E  conftest.c
configure:13600: $? = 0
configure:13600: result: yes
configure:13600: checking for sys/ioctl.h
configure:13600: result: yes
configure:13600: checking sys/param.h usability
configure:13600: gcc -c -g -O2 -DNOEXPAT  conftest.c >&5
configure:13600: $? = 0
configure:13600: result: yes
configure:13600: checking sys/param.h presence
configure:13600: gcc -E  conftest.c
configure:13600: $? = 0
configure:13600: result: yes
configure:13600: checking for sys/param.h
configure:13600: result: yes
configure:13600: checking sys/socket.h usability
configure:13600: gcc -c -g -O2 -DNOEXPAT  conftest.c >&5
configure:13600: $? = 0
configure:13600: result: yes
configure:13600: checking sys/socket.h presence
configure:13600: gcc -E  conftest.c
configure:13600: $? = 0
configure:13600: result: yes
configure:13600: checking for sys/socket.h
configure:13600: result: yes
configure:13600: checking sys/time.h usability
configure:13600: gcc -c -g -O2 -DNOEXPAT  conftest.c >&5
configure:13600: $? = 0
configure:13600: result: yes
configure:13600: checking sys/time.h presence
configure:13600: gcc -E  conftest.c
configure:13600: $? = 0
configure:13600: result: yes
configure:13600: checking for sys/time.h
configure:13600: result: yes
configure:13600: checking for unistd.h
configure:13600: result: yes
configure:13611: checking for an ANSI C-conforming const
configure:13677: gcc -c -g -O2 -DNOEXPAT  conftest.c >&5
configure:13677: $? = 0
configure:13684: result: yes
configure:13692: checking for size_t
configure:13692: gcc -c -g -O2 -DNOEXPAT  conftest.c >&5
configure:13692: $? = 0
configure:13692: gcc -c -g -O2 -DNOEXPAT  conftest.c >&5
conftest.c:76:21: error: expected expression
if (sizeof ((size_t)))
                    ^
1 error generated.
configure:13692: $? = 1
configure: failed program was:
| /* confdefs.h */
| #define PACKAGE_NAME "ion"
| #define PACKAGE_TARNAME "ion"
| #define PACKAGE_VERSION "open source 3.6.1"
| #define PACKAGE_STRING "ion open source 3.6.1"
| #define PACKAGE_BUGREPORT "http://korgano.eecs.ohiou.edu/mailman/listinfo/ion-bugs"
| #define PACKAGE_URL ""
| #define PACKAGE "ion"
| #define VERSION "open source 3.6.1"
| #define STDC_HEADERS 1
| #define HAVE_SYS_TYPES_H 1
| #define HAVE_SYS_STAT_H 1
| #define HAVE_STDLIB_H 1
| #define HAVE_STRING_H 1
| #define HAVE_MEMORY_H 1
| #define HAVE_STRINGS_H 1
| #define HAVE_INTTYPES_H 1
| #define HAVE_STDINT_H 1
| #define HAVE_UNISTD_H 1
| #define HAVE_DLFCN_H 1
| #define LT_OBJDIR ".libs/"
| #define HAVE_POW 1
| #define darwin 1
| #define unix 1
| #define HAVE_DIRENT_H 1
| #define STDC_HEADERS 1
| #define HAVE_SYS_WAIT_H 1
| #define HAVE_FCNTL_H 1
| #define HAVE_NETDB_H 1
| #define HAVE_NETINET_IN_H 1
| #define HAVE_STDDEF_H 1
| #define HAVE_STDLIB_H 1
| #define HAVE_STRING_H 1
| #define HAVE_SYS_IOCTL_H 1
| #define HAVE_SYS_PARAM_H 1
| #define HAVE_SYS_SOCKET_H 1
| #define HAVE_SYS_TIME_H 1
| #define HAVE_UNISTD_H 1
| /* end confdefs.h.  */
| #include <stdio.h>
| #ifdef HAVE_SYS_TYPES_H
| # include <sys/types.h>
| #endif
| #ifdef HAVE_SYS_STAT_H
| # include <sys/stat.h>
| #endif
| #ifdef STDC_HEADERS
| # include <stdlib.h>
| # include <stddef.h>
| #else
| # ifdef HAVE_STDLIB_H
| #  include <stdlib.h>
| # endif
| #endif
| #ifdef HAVE_STRING_H
| # if !defined STDC_HEADERS && defined HAVE_MEMORY_H
| #  include <memory.h>
| # endif
| # include <string.h>
| #endif
| #ifdef HAVE_STRINGS_H
| # include <strings.h>
| #endif
| #ifdef HAVE_INTTYPES_H
| # include <inttypes.h>
| #endif
| #ifdef HAVE_STDINT_H
| # include <stdint.h>
| #endif
| #ifdef HAVE_UNISTD_H
| # include <unistd.h>
| #endif
| int
| main ()
| {
| if (sizeof ((size_t)))
| 	    return 0;
|   ;
|   return 0;
| }
configure:13692: result: yes
configure:13703: checking whether time.h and sys/time.h may both be included
configure:13723: gcc -c -g -O2 -DNOEXPAT  conftest.c >&5
configure:13723: $? = 0
configure:13730: result: yes
configure:13738: checking whether struct tm is in sys/time.h or time.h
configure:13758: gcc -c -g -O2 -DNOEXPAT  conftest.c >&5
configure:13758: $? = 0
configure:13765: result: time.h
configure:13773: checking for uid_t in sys/types.h
configure:13792: result: yes
configure:13807: checking for pid_t
configure:13807: gcc -c -g -O2 -DNOEXPAT  conftest.c >&5
configure:13807: $? = 0
configure:13807: gcc -c -g -O2 -DNOEXPAT  conftest.c >&5
conftest.c:77:20: error: expected expression
if (sizeof ((pid_t)))
                   ^
1 error generated.
configure:13807: $? = 1
configure: failed program was:
| /* confdefs.h */
| #define PACKAGE_NAME "ion"
| #define PACKAGE_TARNAME "ion"
| #define PACKAGE_VERSION "open source 3.6.1"
| #define PACKAGE_STRING "ion open source 3.6.1"
| #define PACKAGE_BUGREPORT "http://korgano.eecs.ohiou.edu/mailman/listinfo/ion-bugs"
| #define PACKAGE_URL ""
| #define PACKAGE "ion"
| #define VERSION "open source 3.6.1"
| #define STDC_HEADERS 1
| #define HAVE_SYS_TYPES_H 1
| #define HAVE_SYS_STAT_H 1
| #define HAVE_STDLIB_H 1
| #define HAVE_STRING_H 1
| #define HAVE_MEMORY_H 1
| #define HAVE_STRINGS_H 1
| #define HAVE_INTTYPES_H 1
| #define HAVE_STDINT_H 1
| #define HAVE_UNISTD_H 1
| #define HAVE_DLFCN_H 1
| #define LT_OBJDIR ".libs/"
| #define HAVE_POW 1
| #define darwin 1
| #define unix 1
| #define HAVE_DIRENT_H 1
| #define STDC_HEADERS 1
| #define HAVE_SYS_WAIT_H 1
| #define HAVE_FCNTL_H 1
| #define HAVE_NETDB_H 1
| #define HAVE_NETINET_IN_H 1
| #define HAVE_STDDEF_H 1
| #define HAVE_STDLIB_H 1
| #define HAVE_STRING_H 1
| #define HAVE_SYS_IOCTL_H 1
| #define HAVE_SYS_PARAM_H 1
| #define HAVE_SYS_SOCKET_H 1
| #define HAVE_SYS_TIME_H 1
| #define HAVE_UNISTD_H 1
| #define TIME_WITH_SYS_TIME 1
| /* end confdefs.h.  */
| #include <stdio.h>
| #ifdef HAVE_SYS_TYPES_H
| # include <sys/types.h>
| #endif
| #ifdef HAVE_SYS_STAT_H
| # include <sys/stat.h>
| #endif
| #ifdef STDC_HEADERS
| # include <stdlib.h>
| # include <stddef.h>
| #else
| # ifdef HAVE_STDLIB_H
| #  include <stdlib.h>
| # endif
| #endif
| #ifdef HAVE_STRING_H
| # if !defined STDC_HEADERS && defined HAVE_MEMORY_H
| #  include <memory.h>
| # endif
| # include <string.h>
| #endif
| #ifdef HAVE_STRINGS_H
| # include <strings.h>
| #endif
| #ifdef HAVE_INTTYPES_H
| # include <inttypes.h>
| #endif
| #ifdef HAVE_STDINT_H
| # include <stdint.h>
| #endif
| #ifdef HAVE_UNISTD_H
| # include <unistd.h>
| #endif
| int
| main ()
| {
| if (sizeof ((pid_t)))
| 	    return 0;
|   ;
|   return 0;
| }
configure:13807: result: yes
configure:13820: checking vfork.h usability
configure:13820: gcc -c -g -O2 -DNOEXPAT  conftest.c >&5
conftest.c:74:10: fatal error: 'vfork.h' file not found
#include <vfork.h>
         ^~~~~~~~~
1 error generated.
configure:13820: $? = 1
configure: failed program was:
| /* confdefs.h */
| #define PACKAGE_NAME "ion"
| #define PACKAGE_TARNAME "ion"
| #define PACKAGE_VERSION "open source 3.6.1"
| #define PACKAGE_STRING "ion open source 3.6.1"
| #define PACKAGE_BUGREPORT "http://korgano.eecs.ohiou.edu/mailman/listinfo/ion-bugs"
| #define PACKAGE_URL ""
| #define PACKAGE "ion"
| #define VERSION "open source 3.6.1"
| #define STDC_HEADERS 1
| #define HAVE_SYS_TYPES_H 1
| #define HAVE_SYS_STAT_H 1
| #define HAVE_STDLIB_H 1
| #define HAVE_STRING_H 1
| #define HAVE_MEMORY_H 1
| #define HAVE_STRINGS_H 1
| #define HAVE_INTTYPES_H 1
| #define HAVE_STDINT_H 1
| #define HAVE_UNISTD_H 1
| #define HAVE_DLFCN_H 1
| #define LT_OBJDIR ".libs/"
| #define HAVE_POW 1
| #define darwin 1
| #define unix 1
| #define HAVE_DIRENT_H 1
| #define STDC_HEADERS 1
| #define HAVE_SYS_WAIT_H 1
| #define HAVE_FCNTL_H 1
| #define HAVE_NETDB_H 1
| #define HAVE_NETINET_IN_H 1
| #define HAVE_STDDEF_H 1
| #define HAVE_STDLIB_H 1
| #define HAVE_STRING_H 1
| #define HAVE_SYS_IOCTL_H 1
| #define HAVE_SYS_PARAM_H 1
| #define HAVE_SYS_SOCKET_H 1
| #define HAVE_SYS_TIME_H 1
| #define HAVE_UNISTD_H 1
| #define TIME_WITH_SYS_TIME 1
| /* end confdefs.h.  */
| #include <stdio.h>
| #ifdef HAVE_SYS_TYPES_H
| # include <sys/types.h>
| #endif
| #ifdef HAVE_SYS_STAT_H
| # include <sys/stat.h>
| #endif
| #ifdef STDC_HEADERS
| # include <stdlib.h>
| # include <stddef.h>
| #else
| # ifdef HAVE_STDLIB_H
| #  include <stdlib.h>
| # endif
| #endif
| #ifdef HAVE_STRING_H
| # if !defined STDC_HEADERS && defined HAVE_MEMORY_H
| #  include <memory.h>
| # endif
| # include <string.h>
| #endif
| #ifdef HAVE_STRINGS_H
| # include <strings.h>
| #endif
| #ifdef HAVE_INTTYPES_H
| # include <inttypes.h>
| #endif
| #ifdef HAVE_STDINT_H
| # include <stdint.h>
| #endif
| #ifdef HAVE_UNISTD_H
| # include <unistd.h>
| #endif
| #include <vfork.h>
configure:13820: result: no
configure:13820: checking vfork.h presence
configure:13820: gcc -E  conftest.c
conftest.c:41:10: fatal error: 'vfork.h' file not found
#include <vfork.h>
         ^~~~~~~~~
1 error generated.
configure:13820: $? = 1
configure: failed program was:
| /* confdefs.h */
| #define PACKAGE_NAME "ion"
| #define PACKAGE_TARNAME "ion"
| #define PACKAGE_VERSION "open source 3.6.1"
| #define PACKAGE_STRING "ion open source 3.6.1"
| #define PACKAGE_BUGREPORT "http://korgano.eecs.ohiou.edu/mailman/listinfo/ion-bugs"
| #define PACKAGE_URL ""
| #define PACKAGE "ion"
| #define VERSION "open source 3.6.1"
| #define STDC_HEADERS 1
| #define HAVE_SYS_TYPES_H 1
| #define HAVE_SYS_STAT_H 1
| #define HAVE_STDLIB_H 1
| #define HAVE_STRING_H 1
| #define HAVE_MEMORY_H 1
| #define HAVE_STRINGS_H 1
| #define HAVE_INTTYPES_H 1
| #define HAVE_STDINT_H 1
| #define HAVE_UNISTD_H 1
| #define HAVE_DLFCN_H 1
| #define LT_OBJDIR ".libs/"
| #define HAVE_POW 1
| #define darwin 1
| #define unix 1
| #define HAVE_DIRENT_H 1
| #define STDC_HEADERS 1
| #define HAVE_SYS_WAIT_H 1
| #define HAVE_FCNTL_H 1
| #define HAVE_NETDB_H 1
| #define HAVE_NETINET_IN_H 1
| #define HAVE_STDDEF_H 1
| #define HAVE_STDLIB_H 1
| #define HAVE_STRING_H 1
| #define HAVE_SYS_IOCTL_H 1
| #define HAVE_SYS_PARAM_H 1
| #define HAVE_SYS_SOCKET_H 1
| #define HAVE_SYS_TIME_H 1
| #define HAVE_UNISTD_H 1
| #define TIME_WITH_SYS_TIME 1
| /* end confdefs.h.  */
| #include <vfork.h>
configure:13820: result: no
configure:13820: checking for vfork.h
configure:13820: result: no
configure:13833: checking for fork
configure:13833: gcc -o conftest -g -O2 -DNOEXPAT   conftest.c  >&5
configure:13833: $? = 0
configure:13833: result: yes
configure:13833: checking for vfork
configure:13833: gcc -o conftest -g -O2 -DNOEXPAT   conftest.c  >&5
conftest.c:65:6: warning: incompatible redeclaration of library function 'vfork' [-Wincompatible-library-redeclaration]
char vfork ();
     ^
conftest.c:65:6: note: 'vfork' is a builtin with type 'int (void)'
1 warning generated.
configure:13833: $? = 0
configure:13833: result: yes
configure:13843: checking for working fork
configure:13865: gcc -o conftest -g -O2 -DNOEXPAT   conftest.c  >&5
configure:13865: $? = 0
configure:13865: ./conftest
configure:13865: $? = 0
configure:13875: result: yes
configure:13896: checking for working vfork
configure:14006: result: yes
configure:14032: checking whether gcc needs -traditional
conftest.c:45:10: fatal error: 'termio.h' file not found
#include <termio.h>
         ^~~~~~~~~~
1 error generated.
configure:14066: result: no
configure:14077: checking return type of signal handlers
configure:14095: gcc -c -g -O2 -DNOEXPAT  conftest.c >&5
conftest.c:51:8: error: indirection requires pointer operand ('void' invalid)
return *(signal (0, 0)) (0) == 1;
       ^~~~~~~~~~~~~~~~~~~~
1 error generated.
configure:14095: $? = 1
configure: failed program was:
| /* confdefs.h */
| #define PACKAGE_NAME "ion"
| #define PACKAGE_TARNAME "ion"
| #define PACKAGE_VERSION "open source 3.6.1"
| #define PACKAGE_STRING "ion open source 3.6.1"
| #define PACKAGE_BUGREPORT "http://korgano.eecs.ohiou.edu/mailman/listinfo/ion-bugs"
| #define PACKAGE_URL ""
| #define PACKAGE "ion"
| #define VERSION "open source 3.6.1"
| #define STDC_HEADERS 1
| #define HAVE_SYS_TYPES_H 1
| #define HAVE_SYS_STAT_H 1
| #define HAVE_STDLIB_H 1
| #define HAVE_STRING_H 1
| #define HAVE_MEMORY_H 1
| #define HAVE_STRINGS_H 1
| #define HAVE_INTTYPES_H 1
| #define HAVE_STDINT_H 1
| #define HAVE_UNISTD_H 1
| #define HAVE_DLFCN_H 1
| #define LT_OBJDIR ".libs/"
| #define HAVE_POW 1
| #define darwin 1
| #define unix 1
| #define HAVE_DIRENT_H 1
| #define STDC_HEADERS 1
| #define HAVE_SYS_WAIT_H 1
| #define HAVE_FCNTL_H 1
| #define HAVE_NETDB_H 1
| #define HAVE_NETINET_IN_H 1
| #define HAVE_STDDEF_H 1
| #define HAVE_STDLIB_H 1
| #define HAVE_STRING_H 1
| #define HAVE_SYS_IOCTL_H 1
| #define HAVE_SYS_PARAM_H 1
| #define HAVE_SYS_SOCKET_H 1
| #define HAVE_SYS_TIME_H 1
| #define HAVE_UNISTD_H 1
| #define TIME_WITH_SYS_TIME 1
| #define HAVE_FORK 1
| #define HAVE_VFORK 1
| #define HAVE_WORKING_VFORK 1
| #define HAVE_WORKING_FORK 1
| /* end confdefs.h.  */
| #include <sys/types.h>
| #include <signal.h>
| 
| int
| main ()
| {
| return *(signal (0, 0)) (0) == 1;
|   ;
|   return 0;
| }
configure:14102: result: void
configure:14115: checking for alarm
configure:14115: gcc -o conftest -g -O2 -DNOEXPAT   conftest.c  >&5
configure:14115: $? = 0
configure:14115: result: yes
configure:14115: checking for ftruncate
configure:14115: gcc -o conftest -g -O2 -DNOEXPAT   conftest.c  >&5
configure:14115: $? = 0
configure:14115: result: yes
configure:14115: checking for getcwd
configure:14115: gcc -o conftest -g -O2 -DNOEXPAT   conftest.c  >&5
configure:14115: $? = 0
configure:14115: result: yes
configure:14115: checking for gethostbyaddr
configure:14115: gcc -o conftest -g -O2 -DNOEXPAT   conftest.c  >&5
configure:14115: $? = 0
configure:14115: result: yes
configure:14115: checking for gethostbyname
configure:14115: gcc -o conftest -g -O2 -DNOEXPAT   conftest.c  >&5
configure:14115: $? = 0
configure:14115: result: yes
configure:14115: checking for gethostname
configure:14115: gcc -o conftest -g -O2 -DNOEXPAT   conftest.c  >&5
configure:14115: $? = 0
configure:14115: result: yes
configure:14115: checking for gettimeofday
configure:14115: gcc -o conftest -g -O2 -DNOEXPAT   conftest.c  >&5
configure:14115: $? = 0
configure:14115: result: yes
configure:14115: checking for memset
configure:14115: gcc -o conftest -g -O2 -DNOEXPAT   conftest.c  >&5
conftest.c:76:6: warning: incompatible redeclaration of library function 'memset' [-Wincompatible-library-redeclaration]
char memset ();
     ^
conftest.c:76:6: note: 'memset' is a builtin with type 'void *(void *, int, unsigned long)'
1 warning generated.
configure:14115: $? = 0
configure:14115: result: yes
configure:14115: checking for mkdir
configure:14115: gcc -o conftest -g -O2 -DNOEXPAT   conftest.c  >&5
configure:14115: $? = 0
configure:14115: result: yes
configure:14115: checking for mkfifo
configure:14115: gcc -o conftest -g -O2 -DNOEXPAT   conftest.c  >&5
configure:14115: $? = 0
configure:14115: result: yes
configure:14115: checking for rmdir
configure:14115: gcc -o conftest -g -O2 -DNOEXPAT   conftest.c  >&5
configure:14115: $? = 0
configure:14115: result: yes
configure:14115: checking for select
configure:14115: gcc -o conftest -g -O2 -DNOEXPAT   conftest.c  >&5
configure:14115: $? = 0
configure:14115: result: yes
configure:14115: checking for socket
configure:14115: gcc -o conftest -g -O2 -DNOEXPAT   conftest.c  >&5
configure:14115: $? = 0
configure:14115: result: yes
configure:14115: checking for strcasecmp
configure:14115: gcc -o conftest -g -O2 -DNOEXPAT   conftest.c  >&5
conftest.c:82:6: warning: incompatible redeclaration of library function 'strcasecmp' [-Wincompatible-library-redeclaration]
char strcasecmp ();
     ^
conftest.c:82:6: note: 'strcasecmp' is a builtin with type 'int (const char *, const char *)'
1 warning generated.
configure:14115: $? = 0
configure:14115: result: yes
configure:14115: checking for strchr
configure:14115: gcc -o conftest -g -O2 -DNOEXPAT   conftest.c  >&5
conftest.c:83:6: warning: incompatible redeclaration of library function 'strchr' [-Wincompatible-library-redeclaration]
char strchr ();
     ^
conftest.c:83:6: note: 'strchr' is a builtin with type 'char *(const char *, int)'
1 warning generated.
configure:14115: $? = 0
configure:14115: result: yes
configure:14115: checking for strerror
configure:14115: gcc -o conftest -g -O2 -DNOEXPAT   conftest.c  >&5
conftest.c:84:6: warning: incompatible redeclaration of library function 'strerror' [-Wincompatible-library-redeclaration]
char strerror ();
     ^
conftest.c:84:6: note: 'strerror' is a builtin with type 'char *(int)'
1 warning generated.
configure:14115: $? = 0
configure:14115: result: yes
configure:14115: checking for strncasecmp
configure:14115: gcc -o conftest -g -O2 -DNOEXPAT   conftest.c  >&5
conftest.c:85:6: warning: incompatible redeclaration of library function 'strncasecmp' [-Wincompatible-library-redeclaration]
char strncasecmp ();
     ^
conftest.c:85:6: note: 'strncasecmp' is a builtin with type 'int (const char *, const char *, unsigned long)'
1 warning generated.
configure:14115: $? = 0
configure:14115: result: yes
configure:14115: checking for strstr
configure:14115: gcc -o conftest -g -O2 -DNOEXPAT   conftest.c  >&5
conftest.c:86:6: warning: incompatible redeclaration of library function 'strstr' [-Wincompatible-library-redeclaration]
char strstr ();
     ^
conftest.c:86:6: note: 'strstr' is a builtin with type 'char *(const char *, const char *)'
1 warning generated.
configure:14115: $? = 0
configure:14115: result: yes
configure:14115: checking for strtoul
configure:14115: gcc -o conftest -g -O2 -DNOEXPAT   conftest.c  >&5
conftest.c:87:6: warning: incompatible redeclaration of library function 'strtoul' [-Wincompatible-library-redeclaration]
char strtoul ();
     ^
conftest.c:87:6: note: 'strtoul' is a builtin with type 'unsigned long (const char *, char **, int)'
1 warning generated.
configure:14115: $? = 0
configure:14115: result: yes
configure:14115: checking for uname
configure:14115: gcc -o conftest -g -O2 -DNOEXPAT   conftest.c  >&5
configure:14115: $? = 0
configure:14115: result: yes
configure:14263: checking that generated files are newer than configure
configure:14269: result: done
configure:14336: creating ./config.status

## ---------------------- ##
## Running config.status. ##
## ---------------------- ##

This file was extended by ion config.status open source 3.6.1, which was
generated by GNU Autoconf 2.69.  Invocation command line was

  CONFIG_FILES    = 
  CONFIG_HEADERS  = 
  CONFIG_LINKS    = 
  CONFIG_COMMANDS = 
  $ ./config.status 

on DontTryMe.local

config.status:1159: creating Makefile
config.status:1159: creating contrib/Makefile
config.status:1159: creating config.h
config.status:1340: config.h is unchanged
config.status:1388: executing depfiles commands
config.status:1388: executing libtool commands

## ---------------- ##
## Cache variables. ##
## ---------------- ##

ac_cv_build=x86_64-apple-darwin19.5.0
ac_cv_c_compiler_gnu=yes
ac_cv_c_const=yes
ac_cv_env_CC_set=
ac_cv_env_CC_value=
ac_cv_env_CFLAGS_set=
ac_cv_env_CFLAGS_value=
ac_cv_env_CPPFLAGS_set=
ac_cv_env_CPPFLAGS_value=
ac_cv_env_CPP_set=
ac_cv_env_CPP_value=
ac_cv_env_LDFLAGS_set=
ac_cv_env_LDFLAGS_value=
ac_cv_env_LIBS_set=
ac_cv_env_LIBS_value=
ac_cv_env_LT_SYS_LIBRARY_PATH_set=
ac_cv_env_LT_SYS_LIBRARY_PATH_value=
ac_cv_env_build_alias_set=
ac_cv_env_build_alias_value=
ac_cv_env_host_alias_set=
ac_cv_env_host_alias_value=
ac_cv_env_target_alias_set=
ac_cv_env_target_alias_value=
ac_cv_func_alarm=yes
ac_cv_func_fork=yes
ac_cv_func_fork_works=yes
ac_cv_func_ftruncate=yes
ac_cv_func_getcwd=yes
ac_cv_func_gethostbyaddr=yes
ac_cv_func_gethostbyname=yes
ac_cv_func_gethostname=yes
ac_cv_func_gettimeofday=yes
ac_cv_func_memset=yes
ac_cv_func_mkdir=yes
ac_cv_func_mkfifo=yes
ac_cv_func_pow=yes
ac_cv_func_rmdir=yes
ac_cv_func_select=yes
ac_cv_func_socket=yes
ac_cv_func_strcasecmp=yes
ac_cv_func_strchr=yes
ac_cv_func_strerror=yes
ac_cv_func_strncasecmp=yes
ac_cv_func_strstr=yes
ac_cv_func_strtoul=yes
ac_cv_func_uname=yes
ac_cv_func_vfork=yes
ac_cv_func_vfork_works=yes
ac_cv_header_dirent_dirent_h=yes
ac_cv_header_dlfcn_h=yes
ac_cv_header_fcntl_h=yes
ac_cv_header_inttypes_h=yes
ac_cv_header_malloc_h=no
ac_cv_header_memory_h=yes
ac_cv_header_netdb_h=yes
ac_cv_header_netinet_in_h=yes
ac_cv_header_stdc=yes
ac_cv_header_stddef_h=yes
ac_cv_header_stdint_h=yes
ac_cv_header_stdlib_h=yes
ac_cv_header_string_h=yes
ac_cv_header_strings_h=yes
ac_cv_header_sys_ioctl_h=yes
ac_cv_header_sys_param_h=yes
ac_cv_header_sys_socket_h=yes
ac_cv_header_sys_stat_h=yes
ac_cv_header_sys_time_h=yes
ac_cv_header_sys_types_h=yes
ac_cv_header_sys_wait_h=yes
ac_cv_header_time=yes
ac_cv_header_unistd_h=yes
ac_cv_header_valgrind_valgrind_h=no
ac_cv_header_vfork_h=no
ac_cv_host=x86_64-apple-darwin19.5.0
ac_cv_lib_expat_XML_GetCurrentLineNumber=yes
ac_cv_lib_pthread_pthread_create=yes
ac_cv_objext=o
ac_cv_path_EGREP='/usr/bin/grep -E'
ac_cv_path_FGREP='/usr/bin/grep -F'
ac_cv_path_GREP=/usr/bin/grep
ac_cv_path_GROFF=/usr/bin/groff
ac_cv_path_MANOPTS=/usr/bin/man
ac_cv_path_PDF2PS=/usr/local/bin/pdf2ps
ac_cv_path_PDFJOIN=/Library/TeX/texbin/pdfjoin
ac_cv_path_PS2PDF=/usr/local/bin/ps2pdf
ac_cv_path_PSJOIN=/Users/Montilla/bin/psjoin
ac_cv_path_SED=/usr/bin/sed
ac_cv_path_install='/usr/bin/install -c'
ac_cv_path_lt_DD=/bin/dd
ac_cv_prog_AWK=awk
ac_cv_prog_CPP='gcc -E'
ac_cv_prog_POD_DOCUMENTATION=pod2man
ac_cv_prog_ac_ct_AR=ar
ac_cv_prog_ac_ct_CC=gcc
ac_cv_prog_ac_ct_DSYMUTIL=dsymutil
ac_cv_prog_ac_ct_LIPO=lipo
ac_cv_prog_ac_ct_NMEDIT=nmedit
ac_cv_prog_ac_ct_OBJDUMP=objdump
ac_cv_prog_ac_ct_OTOOL=otool
ac_cv_prog_ac_ct_RANLIB=ranlib
ac_cv_prog_ac_ct_STRIP=strip
ac_cv_prog_cc_c89=
ac_cv_prog_cc_g=yes
ac_cv_prog_gcc_traditional=no
ac_cv_prog_make_make_set=yes
ac_cv_search_opendir='none required'
ac_cv_struct_tm=time.h
ac_cv_type_pid_t=yes
ac_cv_type_signal=void
ac_cv_type_size_t=yes
ac_cv_type_uid_t=yes
am_cv_CC_dependencies_compiler_type=gcc3
am_cv_ar_interface=ar
am_cv_make_support_nested_variables=yes
am_cv_prog_cc_c_o=yes
lt_cv_apple_cc_single_mod=yes
lt_cv_ar_at_file=no
lt_cv_deplibs_check_method=pass_all
lt_cv_file_magic_cmd='$MAGIC_CMD'
lt_cv_file_magic_test_file=
lt_cv_ld_exported_symbols_list=yes
lt_cv_ld_force_load=yes
lt_cv_ld_reload_flag=-r
lt_cv_nm_interface='BSD nm'
lt_cv_objdir=.libs
lt_cv_path_LD=/Library/Developer/CommandLineTools/usr/bin/ld
lt_cv_path_NM='/usr/bin/nm -B'
lt_cv_path_mainfest_tool=no
lt_cv_prog_compiler_c_o=yes
lt_cv_prog_compiler_pic='-fno-common -DPIC'
lt_cv_prog_compiler_pic_works=yes
lt_cv_prog_compiler_rtti_exceptions=yes
lt_cv_prog_compiler_static_works=no
lt_cv_prog_gnu_ld=no
lt_cv_sharedlib_from_linklib_cmd='printf %s\n'
lt_cv_sys_global_symbol_pipe='sed -n -e '\''s/^.*[	 ]\([BCDEGRST][BCDEGRST]*\)[	 ][	 ]*_\([_A-Za-z][_A-Za-z0-9]*\)$/\1 _\2 \2/p'\'' | sed '\''/ __gnu_lto/d'\'''
lt_cv_sys_global_symbol_to_c_name_address='sed -n -e '\''s/^: \(.*\) .*$/  {"\1", (void *) 0},/p'\'' -e '\''s/^[BCDEGRST][BCDEGRST]* .* \(.*\)$/  {"\1", (void *) \&\1},/p'\'''
lt_cv_sys_global_symbol_to_c_name_address_lib_prefix='sed -n -e '\''s/^: \(.*\) .*$/  {"\1", (void *) 0},/p'\'' -e '\''s/^[BCDEGRST][BCDEGRST]* .* \(lib.*\)$/  {"\1", (void *) \&\1},/p'\'' -e '\''s/^[BCDEGRST][BCDEGRST]* .* \(.*\)$/  {"lib\1", (void *) \&\1},/p'\'''
lt_cv_sys_global_symbol_to_cdecl='sed -n -e '\''s/^T .* \(.*\)$/extern int \1();/p'\'' -e '\''s/^[BCDEGRST][BCDEGRST]* .* \(.*\)$/extern char \1;/p'\'''
lt_cv_sys_global_symbol_to_import=
lt_cv_sys_max_cmd_len=196608
lt_cv_to_host_file_cmd=func_convert_file_noop
lt_cv_to_tool_file_cmd=func_convert_file_noop
lt_cv_truncate_bin='/bin/dd bs=4096 count=1'

## ----------------- ##
## Output variables. ##
## ----------------- ##

ACLOCAL='${SHELL} /Users/Montilla/Desktop/Spatiam.nosync/Android/IonDTN-3.6.1/ion-opensource-3.6.1/missing aclocal-1.15'
AMDEPBACKSLASH='\'
AMDEP_FALSE='#'
AMDEP_TRUE=''
AMTAR='$${TAR-tar}'
AM_BACKSLASH='\'
AM_CFLAGS=' -Dunix -Ddarwin -DSPACE_ORDER=3 -m64  -DENABLE_BPACS -DENABLE_IMC -DENABLE_MANPAGES'
AM_DEFAULT_V='$(AM_DEFAULT_VERBOSITY)'
AM_DEFAULT_VERBOSITY='1'
AM_LDFLAGS=' -lpthread'
AM_LIBTOOLFLAGS=''
AM_V='$(V)'
AR='ar'
AUTOCONF='${SHELL} /Users/Montilla/Desktop/Spatiam.nosync/Android/IonDTN-3.6.1/ion-opensource-3.6.1/missing autoconf'
AUTOHEADER='${SHELL} /Users/Montilla/Desktop/Spatiam.nosync/Android/IonDTN-3.6.1/ion-opensource-3.6.1/missing autoheader'
AUTOMAKE='${SHELL} /Users/Montilla/Desktop/Spatiam.nosync/Android/IonDTN-3.6.1/ion-opensource-3.6.1/missing automake-1.15'
AWK='awk'
BUILD_CONTRIB_FALSE=''
BUILD_CONTRIB_TRUE='#'
CC='gcc'
CCDEPMODE='depmode=gcc3'
CFLAGS='-g -O2 -DNOEXPAT'
CPP='gcc -E'
CPPFLAGS=''
CRYPTO_FALSE=''
CRYPTO_LIBS=''
CRYPTO_TRUE='#'
CYGPATH_W='echo'
DEFS='-DHAVE_CONFIG_H'
DEPDIR='.deps'
DLLTOOL='false'
DSYMUTIL='dsymutil'
DUMPBIN=''
ECHO_C='\c'
ECHO_N=''
ECHO_T=''
EGREP='/usr/bin/grep -E'
ENABLE_AUTODOC_FALSE=''
ENABLE_AUTODOC_TRUE='#'
ENABLE_BPACS_FALSE='#'
ENABLE_BPACS_TRUE=''
ENABLE_EXPAT_FALSE=''
ENABLE_EXPAT_TRUE='#'
ENABLE_GCOV_FALSE=''
ENABLE_GCOV_TRUE='#'
ENABLE_IMC_FALSE='#'
ENABLE_IMC_TRUE=''
ENABLE_MANPAGES_FALSE='#'
ENABLE_MANPAGES_TRUE=''
EXEEXT=''
EXPAT_LIBS='-lexpat'
FGREP='/usr/bin/grep -F'
GREP='/usr/bin/grep'
GROFF='/usr/bin/groff'
GROFFMS='/usr/bin/groff'
INSTALL_DATA='${INSTALL} -m 644'
INSTALL_PROGRAM='${INSTALL}'
INSTALL_SCRIPT='${INSTALL}'
INSTALL_STRIP_PROGRAM='$(install_sh) -c -s'
ION_NASA_B_FALSE=''
ION_NASA_B_TRUE='#'
LD='/Library/Developer/CommandLineTools/usr/bin/ld'
LDFLAGS=''
LIBOBJS=''
LIBS=''
LIBTOOL='$(SHELL) $(top_builddir)/libtool'
LINUX_BUILD_FALSE=''
LINUX_BUILD_TRUE='#'
LIPO='lipo'
LN_S='ln -s'
LTLIBOBJS=''
LT_SYS_LIBRARY_PATH=''
MAKEINFO='${SHELL} /Users/Montilla/Desktop/Spatiam.nosync/Android/IonDTN-3.6.1/ion-opensource-3.6.1/missing makeinfo'
MANIFEST_TOOL=':'
MANOPTS=''
MKDIR_P='./install-sh -c -d'
NM='/usr/bin/nm -B'
NMEDIT='nmedit'
OBJDUMP='objdump'
OBJEXT='o'
OTOOL64=':'
OTOOL='otool'
PACKAGE='ion'
PACKAGE_BUGREPORT='http://korgano.eecs.ohiou.edu/mailman/listinfo/ion-bugs'
PACKAGE_NAME='ion'
PACKAGE_STRING='ion open source 3.6.1'
PACKAGE_TARNAME='ion'
PACKAGE_URL=''
PACKAGE_VERSION='open source 3.6.1'
PATH_SEPARATOR=':'
PDF2PS='/usr/local/bin/pdf2ps'
PDFJOIN='/Users/Montilla/Desktop/Spatiam.nosync/Android/IonDTN-3.6.1/ion-opensource-3.6.1/doc/pdfjoin'
POD_DOCUMENTATION='pod2man'
PS2PDF='/usr/local/bin/ps2pdf'
PSJOIN='/Users/Montilla/Desktop/Spatiam.nosync/Android/IonDTN-3.6.1/ion-opensource-3.6.1/doc/psjoin'
RANLIB='ranlib'
SED='/usr/bin/sed'
SET_MAKE=''
SHELL='/bin/sh'
STRIP='strip'
VALGRIND_COMPAT_CFLAGS=''
VERSION='open source 3.6.1'
ac_ct_AR='ar'
ac_ct_CC='gcc'
ac_ct_DUMPBIN=''
am__EXEEXT_FALSE=''
am__EXEEXT_TRUE='#'
am__fastdepCC_FALSE='#'
am__fastdepCC_TRUE=''
am__include='include'
am__isrc=''
am__leading_dot='.'
am__nodep='_no'
am__quote=''
am__tar='$${TAR-tar} chof - "$$tardir"'
am__untar='$${TAR-tar} xf -'
bindir='${exec_prefix}/bin'
build='x86_64-apple-darwin19.5.0'
build_alias=''
build_cpu='x86_64'
build_os='darwin19.5.0'
build_vendor='apple'
datadir='${datarootdir}'
datarootdir='${prefix}/share'
docdir='${datarootdir}/doc/${PACKAGE_TARNAME}'
dvidir='${docdir}'
exec_prefix='${prefix}'
host='x86_64-apple-darwin19.5.0'
host_alias=''
host_cpu='x86_64'
host_os='darwin19.5.0'
host_vendor='apple'
htmldir='${docdir}'
includedir='${prefix}/include'
infodir='${datarootdir}/info'
install_sh='${SHELL} /Users/Montilla/Desktop/Spatiam.nosync/Android/IonDTN-3.6.1/ion-opensource-3.6.1/install-sh'
libdir='${exec_prefix}/lib'
libexecdir='${exec_prefix}/libexec'
localedir='${datarootdir}/locale'
localstatedir='${prefix}/var'
mandir='${datarootdir}/man'
mkdir_p='$(MKDIR_P)'
oldincludedir='/usr/include'
pdfdir='${docdir}'
prefix='/usr/local'
program_transform_name='s,x,x,'
psdir='${docdir}'
runstatedir='${localstatedir}/run'
sbindir='${exec_prefix}/sbin'
sharedstatedir='${prefix}/com'
sysconfdir='${prefix}/etc'
target_alias=''

## ----------- ##
## confdefs.h. ##
## ----------- ##

/* confdefs.h */
#define PACKAGE_NAME "ion"
#define PACKAGE_TARNAME "ion"
#define PACKAGE_VERSION "open source 3.6.1"
#define PACKAGE_STRING "ion open source 3.6.1"
#define PACKAGE_BUGREPORT "http://korgano.eecs.ohiou.edu/mailman/listinfo/ion-bugs"
#define PACKAGE_URL ""
#define PACKAGE "ion"
#define VERSION "open source 3.6.1"
#define STDC_HEADERS 1
#define HAVE_SYS_TYPES_H 1
#define HAVE_SYS_STAT_H 1
#define HAVE_STDLIB_H 1
#define HAVE_STRING_H 1
#define HAVE_MEMORY_H 1
#define HAVE_STRINGS_H 1
#define HAVE_INTTYPES_H 1
#define HAVE_STDINT_H 1
#define HAVE_UNISTD_H 1
#define HAVE_DLFCN_H 1
#define LT_OBJDIR ".libs/"
#define HAVE_POW 1
#define darwin 1
#define unix 1
#define HAVE_DIRENT_H 1
#define STDC_HEADERS 1
#define HAVE_SYS_WAIT_H 1
#define HAVE_FCNTL_H 1
#define HAVE_NETDB_H 1
#define HAVE_NETINET_IN_H 1
#define HAVE_STDDEF_H 1
#define HAVE_STDLIB_H 1
#define HAVE_STRING_H 1
#define HAVE_SYS_IOCTL_H 1
#define HAVE_SYS_PARAM_H 1
#define HAVE_SYS_SOCKET_H 1
#define HAVE_SYS_TIME_H 1
#define HAVE_UNISTD_H 1
#define TIME_WITH_SYS_TIME 1
#define HAVE_FORK 1
#define HAVE_VFORK 1
#define HAVE_WORKING_VFORK 1
#define HAVE_WORKING_FORK 1
#define RETSIGTYPE void
#define HAVE_ALARM 1
#define HAVE_FTRUNCATE 1
#define HAVE_GETCWD 1
#define HAVE_GETHOSTBYADDR 1
#define HAVE_GETHOSTBYNAME 1
#define HAVE_GETHOSTNAME 1
#define HAVE_GETTIMEOFDAY 1
#define HAVE_MEMSET 1
#define HAVE_MKDIR 1
#define HAVE_MKFIFO 1
#define HAVE_RMDIR 1
#define HAVE_SELECT 1
#define HAVE_SOCKET 1
#define HAVE_STRCASECMP 1
#define HAVE_STRCHR 1
#define HAVE_STRERROR 1
#define HAVE_STRNCASECMP 1
#define HAVE_STRSTR 1
#define HAVE_STRTOUL 1
#define HAVE_UNAME 1

configure: exit 0
